2020-01-05 11:27:28,178 ERROR [http-nio-8080-exec-2] c.g.b.w.b.r.WxPayUnifiedOrderResult [BaseWxPayResult.java : 274] 
结果业务代码异常，返回结果：{return_msg=mch_id参数长度有误, return_code=FAIL},
返回代码：FAIL，返回信息：mch_id参数长度有误
2020-01-05 11:29:34,513 ERROR [http-nio-8080-exec-5] c.g.b.w.b.r.WxPayUnifiedOrderResult [BaseWxPayResult.java : 274] 
结果业务代码异常，返回结果：{return_msg=mch_id参数长度有误, return_code=FAIL},
返回代码：FAIL，返回信息：mch_id参数长度有误
2020-01-05 11:31:08,074 ERROR [http-nio-8080-exec-2] c.g.b.w.b.r.WxPayUnifiedOrderResult [BaseWxPayResult.java : 274] 
结果业务代码异常，返回结果：{return_msg=mch_id参数长度有误, return_code=FAIL},
返回代码：FAIL，返回信息：mch_id参数长度有误
2020-01-05 11:32:40,223 ERROR [http-nio-8080-exec-7] c.g.b.w.b.r.WxPayUnifiedOrderResult [BaseWxPayResult.java : 274] 
结果业务代码异常，返回结果：{return_msg=mch_id参数长度有误, return_code=FAIL},
返回代码：FAIL，返回信息：mch_id参数长度有误
2020-01-05 11:53:31,201 ERROR [http-nio-8080-exec-2] c.g.b.w.b.r.WxPayUnifiedOrderResult [BaseWxPayResult.java : 274] 
结果业务代码异常，返回结果：{return_msg=mch_id参数长度有误, return_code=FAIL},
返回代码：FAIL，返回信息：mch_id参数长度有误
2020-01-05 11:53:45,263 ERROR [http-nio-8080-exec-6] c.g.b.w.b.r.WxPayUnifiedOrderResult [BaseWxPayResult.java : 274] 
结果业务代码异常，返回结果：{return_msg=mch_id参数长度有误, return_code=FAIL},
返回代码：FAIL，返回信息：mch_id参数长度有误
2020-01-05 11:53:48,323 ERROR [http-nio-8080-exec-1] c.g.b.w.b.r.WxPayUnifiedOrderResult [BaseWxPayResult.java : 274] 
结果业务代码异常，返回结果：{return_msg=mch_id参数长度有误, return_code=FAIL},
返回代码：FAIL，返回信息：mch_id参数长度有误
2020-01-05 11:53:50,824 ERROR [http-nio-8080-exec-3] c.g.b.w.b.r.WxPayUnifiedOrderResult [BaseWxPayResult.java : 274] 
结果业务代码异常，返回结果：{return_msg=mch_id参数长度有误, return_code=FAIL},
返回代码：FAIL，返回信息：mch_id参数长度有误
2020-01-05 11:53:51,102 ERROR [http-nio-8080-exec-5] c.g.b.w.b.r.WxPayUnifiedOrderResult [BaseWxPayResult.java : 274] 
结果业务代码异常，返回结果：{return_msg=mch_id参数长度有误, return_code=FAIL},
返回代码：FAIL，返回信息：mch_id参数长度有误
2020-01-05 11:53:51,298 ERROR [http-nio-8080-exec-7] c.g.b.w.b.r.WxPayUnifiedOrderResult [BaseWxPayResult.java : 274] 
结果业务代码异常，返回结果：{return_msg=mch_id参数长度有误, return_code=FAIL},
返回代码：FAIL，返回信息：mch_id参数长度有误
2020-01-05 11:53:51,529 ERROR [http-nio-8080-exec-9] c.g.b.w.b.r.WxPayUnifiedOrderResult [BaseWxPayResult.java : 274] 
结果业务代码异常，返回结果：{return_msg=mch_id参数长度有误, return_code=FAIL},
返回代码：FAIL，返回信息：mch_id参数长度有误
2020-01-05 16:58:38,097 ERROR [restartedMain] o.s.boot.SpringApplication [SpringApplication.java : 858] Application run failed
org.springframework.beans.factory.BeanDefinitionStoreException: Failed to read candidate component class: file [D:\MyCode\Java\litemall\litemall-db\target\classes\org\linlinjava\litemall\db\dao\LitemallRegionMapper.class]; nested exception is java.lang.ArrayIndexOutOfBoundsException: 6
	at org.springframework.context.annotation.ClassPathScanningCandidateComponentProvider.scanCandidateComponents(ClassPathScanningCandidateComponentProvider.java:454)
	at org.springframework.context.annotation.ClassPathScanningCandidateComponentProvider.findCandidateComponents(ClassPathScanningCandidateComponentProvider.java:316)
	at org.springframework.context.annotation.ClassPathBeanDefinitionScanner.doScan(ClassPathBeanDefinitionScanner.java:275)
	at org.mybatis.spring.mapper.ClassPathMapperScanner.doScan(ClassPathMapperScanner.java:163)
	at org.mybatis.spring.annotation.MapperScannerRegistrar.registerBeanDefinitions(MapperScannerRegistrar.java:104)
	at org.springframework.context.annotation.ConfigurationClassBeanDefinitionReader.lambda$loadBeanDefinitionsFromRegistrars$1(ConfigurationClassBeanDefinitionReader.java:364)
	at java.util.LinkedHashMap.forEach(LinkedHashMap.java:684)
	at org.springframework.context.annotation.ConfigurationClassBeanDefinitionReader.loadBeanDefinitionsFromRegistrars(ConfigurationClassBeanDefinitionReader.java:363)
	at org.springframework.context.annotation.ConfigurationClassBeanDefinitionReader.loadBeanDefinitionsForConfigurationClass(ConfigurationClassBeanDefinitionReader.java:145)
	at org.springframework.context.annotation.ConfigurationClassBeanDefinitionReader.loadBeanDefinitions(ConfigurationClassBeanDefinitionReader.java:117)
	at org.springframework.context.annotation.ConfigurationClassPostProcessor.processConfigBeanDefinitions(ConfigurationClassPostProcessor.java:327)
	at org.springframework.context.annotation.ConfigurationClassPostProcessor.postProcessBeanDefinitionRegistry(ConfigurationClassPostProcessor.java:232)
	at org.springframework.context.support.PostProcessorRegistrationDelegate.invokeBeanDefinitionRegistryPostProcessors(PostProcessorRegistrationDelegate.java:275)
	at org.springframework.context.support.PostProcessorRegistrationDelegate.invokeBeanFactoryPostProcessors(PostProcessorRegistrationDelegate.java:95)
	at org.springframework.context.support.AbstractApplicationContext.invokeBeanFactoryPostProcessors(AbstractApplicationContext.java:705)
	at org.springframework.context.support.AbstractApplicationContext.refresh(AbstractApplicationContext.java:531)
	at org.springframework.boot.web.servlet.context.ServletWebServerApplicationContext.refresh(ServletWebServerApplicationContext.java:142)
	at org.springframework.boot.SpringApplication.refresh(SpringApplication.java:775)
	at org.springframework.boot.SpringApplication.refreshContext(SpringApplication.java:397)
	at org.springframework.boot.SpringApplication.run(SpringApplication.java:316)
	at org.springframework.boot.SpringApplication.run(SpringApplication.java:1260)
	at org.springframework.boot.SpringApplication.run(SpringApplication.java:1248)
	at org.linlinjava.litemall.Application.main(Application.java:16)
	at sun.reflect.NativeMethodAccessorImpl.invoke0(Native Method)
	at sun.reflect.NativeMethodAccessorImpl.invoke(NativeMethodAccessorImpl.java:62)
	at sun.reflect.DelegatingMethodAccessorImpl.invoke(DelegatingMethodAccessorImpl.java:43)
	at java.lang.reflect.Method.invoke(Method.java:498)
	at org.springframework.boot.devtools.restart.RestartLauncher.run(RestartLauncher.java:49)
Caused by: java.lang.ArrayIndexOutOfBoundsException: 6
	at org.springframework.asm.ClassReader.readShort(ClassReader.java:3370)
	at org.springframework.asm.ClassReader.<init>(ClassReader.java:182)
	at org.springframework.asm.ClassReader.<init>(ClassReader.java:166)
	at org.springframework.asm.ClassReader.<init>(ClassReader.java:152)
	at org.springframework.asm.ClassReader.<init>(ClassReader.java:273)
	at org.springframework.core.type.classreading.SimpleMetadataReader.<init>(SimpleMetadataReader.java:54)
	at org.springframework.core.type.classreading.SimpleMetadataReaderFactory.getMetadataReader(SimpleMetadataReaderFactory.java:103)
	at org.springframework.core.type.classreading.CachingMetadataReaderFactory.getMetadataReader(CachingMetadataReaderFactory.java:123)
	at org.springframework.context.annotation.ClassPathScanningCandidateComponentProvider.scanCandidateComponents(ClassPathScanningCandidateComponentProvider.java:430)
	... 27 common frames omitted
2020-01-05 16:58:54,172 ERROR [restartedMain] o.s.b.d.LoggingFailureAnalysisReporter [LoggingFailureAnalysisReporter.java : 42] 

***************************
APPLICATION FAILED TO START
***************************

Description:

No bean of type 'org.apache.shiro.realm.Realm' found.

Action:

Please create bean of type 'Realm' or add a shiro.ini in the root classpath (src/main/resources/shiro.ini) or in the META-INF folder (src/main/resources/META-INF/shiro.ini).

2020-01-05 16:59:22,643 ERROR [restartedMain] o.s.b.d.LoggingFailureAnalysisReporter [LoggingFailureAnalysisReporter.java : 42] 

***************************
APPLICATION FAILED TO START
***************************

Description:

No bean of type 'org.apache.shiro.realm.Realm' found.

Action:

Please create bean of type 'Realm' or add a shiro.ini in the root classpath (src/main/resources/shiro.ini) or in the META-INF folder (src/main/resources/META-INF/shiro.ini).

2020-01-05 17:00:02,082 ERROR [restartedMain] o.s.b.d.LoggingFailureAnalysisReporter [LoggingFailureAnalysisReporter.java : 42] 

***************************
APPLICATION FAILED TO START
***************************

Description:

No bean of type 'org.apache.shiro.realm.Realm' found.

Action:

Please create bean of type 'Realm' or add a shiro.ini in the root classpath (src/main/resources/shiro.ini) or in the META-INF folder (src/main/resources/META-INF/shiro.ini).

2020-01-05 17:00:30,999 ERROR [restartedMain] o.s.b.d.LoggingFailureAnalysisReporter [LoggingFailureAnalysisReporter.java : 42] 

***************************
APPLICATION FAILED TO START
***************************

Description:

No bean of type 'org.apache.shiro.realm.Realm' found.

Action:

Please create bean of type 'Realm' or add a shiro.ini in the root classpath (src/main/resources/shiro.ini) or in the META-INF folder (src/main/resources/META-INF/shiro.ini).

